<?xml version="1.0" encoding="UTF-8"?>
<!-- Generated by org.testng.reporters.JUnitReportReporter -->
<testsuite hostname="DESKTOP-1LUFTC7" name="walmart.Runner.Runner" tests="2" failures="0" timestamp="12 Apr 2020 01:20:27 GMT" time="48.302" errors="0">
  <testcase name="feature" time="22.145" classname="walmart.Runner.Runner"/>
  <testcase name="feature" time="26.157" classname="walmart.Runner.Runner"/>
</testsuite> <!-- walmart.Runner.Runner -->
